<?xml version="1.0" encoding="UTF-8"?>
<!--
  ~ Copyright (C) 2007-2020 Crafter Software Corporation. All Rights Reserved.
  ~
  ~ This program is free software: you can redistribute it and/or modify
  ~ it under the terms of the GNU General Public License version 3 as published by
  ~ the Free Software Foundation.
  ~
  ~ This program is distributed in the hope that it will be useful,
  ~ but WITHOUT ANY WARRANTY; without even the implied warranty of
  ~ MERCHANTABILITY or FITNESS FOR A PARTICULAR PURPOSE.  See the
  ~ GNU General Public License for more details.
  ~
  ~ You should have received a copy of the GNU General Public License
  ~ along with this program.  If not, see <http://www.gnu.org/licenses/>.
  -->

<web-app xmlns:xsi="http://www.w3.org/2001/XMLSchema-instance"
         xmlns="http://java.sun.com/xml/ns/javaee"
         xsi:schemaLocation="http://java.sun.com/xml/ns/javaee http://java.sun.com/xml/ns/javaee/web-app_2_5.xsd"
         version="2.5">

	<display-name>Crafter Social</display-name>
	<filter>
        <filter-name>crafter.requestContextBindingFilter</filter-name>
        <filter-class>org.craftercms.security.servlet.filters.RequestContextBindingFilter</filter-class>
    </filter>
    
    <filter>
        <filter-name>crafter.securityFilter</filter-name>
        <filter-class>org.springframework.web.filter.DelegatingFilterProxy</filter-class>
    </filter>
    <filter-mapping>
    	<filter-name>crafter.requestContextBindingFilter</filter-name>
        <url-pattern>/*</url-pattern>
        <dispatcher>REQUEST</dispatcher>
    </filter-mapping>
	
	<filter-mapping>
      <filter-name>crafter.securityFilter</filter-name>
      <url-pattern>/*</url-pattern>
    </filter-mapping>
	<context-param>
		<param-name>contextConfigLocation</param-name>
		<param-value>
			/WEB-INF/classes/test/root-context.xml
			/WEB-INF/classes/test/mongo-config.xml
			/WEB-INF/classes/test/moderation-context.xml
			/WEB-INF/classes/test/security-context.xml
		</param-value>
	</context-param>
	<listener>
		<listener-class>org.springframework.web.context.ContextLoaderListener</listener-class>
	</listener>
	<listener>
		<listener-class>org.springframework.web.context.request.RequestContextListener</listener-class>
	</listener>
	<servlet>
		<servlet-name>appServlet</servlet-name>
		<servlet-class>org.springframework.web.servlet.DispatcherServlet</servlet-class>
		<init-param>
			<param-name>contextConfigLocation</param-name>
			<param-value>/WEB-INF/classes/test/web-context.xml</param-value>
		</init-param>
		<load-on-startup>1</load-on-startup>
	</servlet>
	<servlet-mapping>
		<servlet-name>appServlet</servlet-name>
		<url-pattern>/</url-pattern>
	</servlet-mapping>

	<welcome-file-list>
		<welcome-file>index.jsp</welcome-file>
	</welcome-file-list>
	<error-page>
		<error-code>404</error-code>
		<location>/404.jsp</location>
	</error-page>
	<error-page>
		<error-code>403</error-code>
		<location>/403.jsp</location>
	</error-page>
</web-app>